<?xml version="1.0" encoding="UTF-8"?>
<!-- Generated by org.testng.reporters.JUnitXMLReporter -->
<testsuite ignored="0" hostname="BDC11-L-7200GN3" failures="1" tests="1" name="Test" time="64.758" errors="0" timestamp="18 Oct 2018 07:32:17 GMT">
  <testcase classname="com.Facebook_Test.FacebookTest" name="Validate_FaceBookLandingPage_SignIn" time="38.027">
    <failure type="org.openqa.selenium.NoSuchElementException" message="Unable to locate element: #rc\2e js_dc &amp;gt; div._3ubp._sg2 &amp;gt; span:nth-child(1) &amp;gt; a &amp;gt; span &amp;gt; span._5qtp
For documentation on this error, please visit: http://seleniumhq.org/exceptions/no_such_element.html
Build info: version: &amp;apos;3.14.0&amp;apos;, revision: &amp;apos;aacccce0&amp;apos;, time: &amp;apos;2018-08-02T20:19:58.91Z&amp;apos;
System info: host: &amp;apos;BDC11-L-7200GN3&amp;apos;, ip: &amp;apos;172.16.0.87&amp;apos;, os.name: &amp;apos;Windows 10&amp;apos;, os.arch: &amp;apos;amd64&amp;apos;, os.version: &amp;apos;10.0&amp;apos;, java.version: &amp;apos;10.0.2&amp;apos;
Driver info: org.openqa.selenium.firefox.FirefoxDriver
Capabilities {acceptInsecureCerts: true, browserName: firefox, browserVersion: 62.0.3, javascriptEnabled: true, moz:accessibilityChecks: false, moz:headless: false, moz:processID: 31844, moz:profile: C:\Users\sowmya.a.rajendira..., moz:useNonSpecCompliantPointerOrigin: false, moz:webdriverClick: true, pageLoadStrategy: normal, platform: XP, platformName: XP, platformVersion: 10.0, rotatable: false, timeouts: {implicit: 0, pageLoad: 300000, script: 30000}}
Session ID: c193b664-8fff-4df3-9fe7-117c34f97a92
*** Element info: {Using=css selector, value=#rc\2e js_dc &amp;gt; div._3ubp._sg2 &amp;gt; span:nth-child(1) &amp;gt; a &amp;gt; span &amp;gt; span._5qtp}">
      <![CDATA[org.openqa.selenium.NoSuchElementException: Unable to locate element: #rc\2e js_dc > div._3ubp._sg2 > span:nth-child(1) > a > span > span._5qtp
For documentation on this error, please visit: http://seleniumhq.org/exceptions/no_such_element.html
Build info: version: '3.14.0', revision: 'aacccce0', time: '2018-08-02T20:19:58.91Z'
System info: host: 'BDC11-L-7200GN3', ip: '172.16.0.87', os.name: 'Windows 10', os.arch: 'amd64', os.version: '10.0', java.version: '10.0.2'
Driver info: org.openqa.selenium.firefox.FirefoxDriver
Capabilities {acceptInsecureCerts: true, browserName: firefox, browserVersion: 62.0.3, javascriptEnabled: true, moz:accessibilityChecks: false, moz:headless: false, moz:processID: 31844, moz:profile: C:\Users\sowmya.a.rajendira..., moz:useNonSpecCompliantPointerOrigin: false, moz:webdriverClick: true, pageLoadStrategy: normal, platform: XP, platformName: XP, platformVersion: 10.0, rotatable: false, timeouts: {implicit: 0, pageLoad: 300000, script: 30000}}
Session ID: c193b664-8fff-4df3-9fe7-117c34f97a92
*** Element info: {Using=css selector, value=#rc\2e js_dc > div._3ubp._sg2 > span:nth-child(1) > a > span > span._5qtp}
at org.openqa.selenium.remote.http.W3CHttpResponseCodec.createException(W3CHttpResponseCodec.java:187)
at org.openqa.selenium.remote.http.W3CHttpResponseCodec.decode(W3CHttpResponseCodec.java:122)
at org.openqa.selenium.remote.http.W3CHttpResponseCodec.decode(W3CHttpResponseCodec.java:49)
at org.openqa.selenium.remote.HttpCommandExecutor.execute(HttpCommandExecutor.java:158)
at org.openqa.selenium.remote.service.DriverCommandExecutor.execute(DriverCommandExecutor.java:83)
at org.openqa.selenium.remote.RemoteWebDriver.execute(RemoteWebDriver.java:548)
at org.openqa.selenium.remote.RemoteWebDriver.findElement(RemoteWebDriver.java:322)
at org.openqa.selenium.remote.RemoteWebDriver.findElementByCssSelector(RemoteWebDriver.java:416)
at org.openqa.selenium.By$ByCssSelector.findElement(By.java:431)
at org.openqa.selenium.remote.RemoteWebDriver.findElement(RemoteWebDriver.java:314)
at com.Facebook_PageObjects.FaceBookPage.postIconProperty(FaceBookPage.java:59)
at com.Facebook_PageObjects.FaceBookPage.IsComposePostPopUpBoxDisplayed(FaceBookPage.java:93)
at com.Facebook_PageObjects.FaceBookPage.SignIn(FaceBookPage.java:86)
at com.Facebook_Test.FacebookTest.Validate_FaceBookLandingPage_SignIn(FacebookTest.java:32)
... Removed 29 stack frames]]>
    </failure>
  </testcase> <!-- Validate_FaceBookLandingPage_SignIn -->
</testsuite> <!-- Test -->
